<?xml version="1.0" encoding="UTF-8"?>
<testsuite xmlns:xsi="http://www.w3.org/2001/XMLSchema-instance" xsi:noNamespaceSchemaLocation="https://maven.apache.org/surefire/maven-surefire-plugin/xsd/surefire-test-report-3.0.xsd" version="3.0" name="vn.nhom8.laptopshop.LaptopshopApplicationTests" time="7.83" tests="1" errors="0" skipped="0" failures="0">
  <properties>
[...]
</properties>
  <testcase name="contextLoads" classname="vn.nhom8.laptopshop.LaptopshopApplicationTests" time="0.479">
    <system-out><![CDATA[14:27:22.296 [main] INFO org.springframework.test.context.support.AnnotationConfigContextLoaderUtils -- Could not detect default configuration classes for test class [vn.nhom8.laptopshop.LaptopshopApplicationTests]: LaptopshopApplicationTests does not declare any static, non-private, non-final, nested classes annotated with @Configuration.
14:27:22.388 [main] INFO org.springframework.boot.test.context.SpringBootTestContextBootstrapper -- Found @SpringBootConfiguration vn.nhom8.laptopshop.LaptopshopApplication for test class vn.nhom8.laptopshop.LaptopshopApplicationTests
14:27:22.571 [main] INFO org.springframework.boot.devtools.restart.RestartApplicationListener -- Restart disabled due to context in which it is running

  .   ____          _            __ _ _
 /\\ / ___'_ __ _ _(_)_ __  __ _ \ \ \ \
( ( )\___ | '_ | '_| | '_ \/ _` | \ \ \ \
 \\/  ___)| |_)| | | | | || (_| |  ) ) ) )
  '  |____| .__|_| |_|_| |_\__, | / / / /
 =========|_|==============|___/=/_/_/_/
 :: Spring Boot ::                (v3.2.2)

2025-05-31T14:27:22.783+07:00  INFO 18460 --- [           main] v.n.l.LaptopshopApplicationTests         : Starting LaptopshopApplicationTests using Java 17.0.10 with PID 18460 (started by Dinh Canh in D:\LaptopShop)
2025-05-31T14:27:22.786+07:00  INFO 18460 --- [           main] v.n.l.LaptopshopApplicationTests         : No active profile set, falling back to 1 default profile: "default"
2025-05-31T14:27:23.788+07:00  INFO 18460 --- [           main] .s.d.r.c.RepositoryConfigurationDelegate : Bootstrapping Spring Data JPA repositories in DEFAULT mode.
2025-05-31T14:27:23.865+07:00  INFO 18460 --- [           main] .s.d.r.c.RepositoryConfigurationDelegate : Finished Spring Data repository scanning in 68 ms. Found 7 JPA repository interfaces.
2025-05-31T14:27:24.401+07:00  INFO 18460 --- [           main] com.zaxxer.hikari.HikariDataSource       : HikariPool-1 - Starting...
2025-05-31T14:27:24.778+07:00  INFO 18460 --- [           main] com.zaxxer.hikari.pool.HikariPool        : HikariPool-1 - Added connection com.mysql.cj.jdbc.ConnectionImpl@51424203
2025-05-31T14:27:24.778+07:00  INFO 18460 --- [           main] com.zaxxer.hikari.HikariDataSource       : HikariPool-1 - Start completed.
2025-05-31T14:27:25.008+07:00  INFO 18460 --- [           main] o.hibernate.jpa.internal.util.LogHelper  : HHH000204: Processing PersistenceUnitInfo [name: default]
2025-05-31T14:27:25.091+07:00  INFO 18460 --- [           main] org.hibernate.Version                    : HHH000412: Hibernate ORM core version 6.4.1.Final
2025-05-31T14:27:25.141+07:00  INFO 18460 --- [           main] o.h.c.internal.RegionFactoryInitiator    : HHH000026: Second-level cache disabled
2025-05-31T14:27:25.438+07:00  INFO 18460 --- [           main] o.s.o.j.p.SpringPersistenceUnitInfo      : No LoadTimeWeaver setup: ignoring JPA class transformer
2025-05-31T14:27:26.513+07:00  INFO 18460 --- [           main] o.h.e.t.j.p.i.JtaPlatformInitiator       : HHH000489: No JTA platform available (set 'hibernate.transaction.jta.platform' to enable JTA platform integration)
Hibernate: create table cart_detail (id bigint not null auto_increment, price float(53) not null, quantity bigint not null, cart_id bigint, product_id bigint, primary key (id)) engine=InnoDB
Hibernate: create table carts (id bigint not null auto_increment, sum integer not null check (sum>=0), user_id bigint, primary key (id)) engine=InnoDB
Hibernate: create table order_detail (id bigint not null auto_increment, price float(53) not null, quantity bigint not null, order_id bigint, product_id bigint, primary key (id)) engine=InnoDB
Hibernate: create table orders (id bigint not null auto_increment, receiver_address varchar(255), receiver_name varchar(255), receiver_phone varchar(255), status varchar(255), total_price float(53) not null, user_id bigint, primary key (id)) engine=InnoDB
Hibernate: create table products (id bigint not null auto_increment, battery varchar(255), cpu varchar(255), factory varchar(255), graphics_card varchar(255), image varchar(255), name varchar(255) not null, price float(53) not null, quantity bigint not null check (quantity>=1), ram varchar(255), screen varchar(255), sold bigint not null, ssd varchar(255), target varchar(255), weight varchar(255), primary key (id)) engine=InnoDB
Hibernate: create table roles (id bigint not null auto_increment, description varchar(255), name varchar(255), primary key (id)) engine=InnoDB
Hibernate: create table users (id bigint not null auto_increment, address varchar(255), avatar varchar(255), email varchar(255) not null, full_name varchar(255) not null, password varchar(255) not null, phone varchar(255), role_id bigint, primary key (id)) engine=InnoDB
Hibernate: alter table carts drop index UK_64t7ox312pqal3p7fg9o503c2
Hibernate: alter table carts add constraint UK_64t7ox312pqal3p7fg9o503c2 unique (user_id)
Hibernate: alter table cart_detail add constraint FKbql1m2v2po7hcawonqsgqex88 foreign key (cart_id) references carts (id)
Hibernate: alter table cart_detail add constraint FKclb1c0wg3mofxnpgidib1t987 foreign key (product_id) references products (id)
Hibernate: alter table carts add constraint FKb5o626f86h46m4s7ms6ginnop foreign key (user_id) references users (id)
Hibernate: alter table order_detail add constraint FKrws2q0si6oyd6il8gqe2aennc foreign key (order_id) references orders (id)
Hibernate: alter table order_detail add constraint FKc7q42e9tu0hslx6w4wxgomhvn foreign key (product_id) references products (id)
Hibernate: alter table orders add constraint FK32ql8ubntj5uh44ph9659tiih foreign key (user_id) references users (id)
Hibernate: alter table users add constraint FKp56c1712k691lhsyewcssf40f foreign key (role_id) references roles (id)
2025-05-31T14:27:27.228+07:00  INFO 18460 --- [           main] j.LocalContainerEntityManagerFactoryBean : Initialized JPA EntityManagerFactory for persistence unit 'default'
2025-05-31T14:27:27.840+07:00  WARN 18460 --- [           main] JpaBaseConfiguration$JpaWebConfiguration : spring.jpa.open-in-view is enabled by default. Therefore, database queries may be performed during view rendering. Explicitly configure spring.jpa.open-in-view to disable this warning
2025-05-31T14:27:28.277+07:00  INFO 18460 --- [           main] o.s.s.web.DefaultSecurityFilterChain     : Will secure any request with [org.springframework.security.web.session.DisableEncodeUrlFilter@d3929ba, org.springframework.security.web.session.ForceEagerSessionCreationFilter@6101fd7d, org.springframework.security.web.context.request.async.WebAsyncManagerIntegrationFilter@b22bebc, org.springframework.security.web.context.SecurityContextHolderFilter@20183e2d, org.springframework.security.web.header.HeaderWriterFilter@7d41aefd, org.springframework.web.filter.CorsFilter@60773809, org.springframework.security.web.csrf.CsrfFilter@6b5c4b75, org.springframework.security.web.authentication.logout.LogoutFilter@d96f413, org.springframework.security.web.authentication.UsernamePasswordAuthenticationFilter@64f1e9f8, org.springframework.security.web.session.ConcurrentSessionFilter@da2303c, org.springframework.security.web.savedrequest.RequestCacheAwareFilter@3bd1c7f0, org.springframework.security.web.servletapi.SecurityContextHolderAwareRequestFilter@76ea1cb5, org.springframework.security.web.authentication.rememberme.RememberMeAuthenticationFilter@3f3abe67, org.springframework.security.web.authentication.AnonymousAuthenticationFilter@24c7b944, org.springframework.security.web.session.SessionManagementFilter@7893b8c, org.springframework.security.web.access.ExceptionTranslationFilter@c509742, org.springframework.security.web.access.intercept.AuthorizationFilter@e8ce5b1]
2025-05-31T14:27:28.998+07:00  INFO 18460 --- [           main] v.n.l.LaptopshopApplicationTests         : Started LaptopshopApplicationTests in 6.44 seconds (process running for 7.306)
Hibernate: select u1_0.id,u1_0.address,u1_0.avatar,u1_0.email,u1_0.full_name,u1_0.password,u1_0.phone,u1_0.role_id from users u1_0 where u1_0.email=?
Hibernate: insert into roles (description,name) values (?,?)
Hibernate: insert into roles (description,name) values (?,?)
Hibernate: insert into users (address,avatar,email,full_name,password,phone,role_id) values (?,?,?,?,?,?,?)
]]></system-out>
  </testcase>
</testsuite>